\BOOKMARK [1][-]{section.1}{\376\377\000G\000i\036\333\000i\000\040\000t\000h\000i\036\307\000u\000\040\001\021\036\301\000\040\000t\000\340\000i}{}% 1
\BOOKMARK [2][-]{subsection.1.1}{\376\377\000M\000\364\000\040\000t\036\243\000\040\001\021\036\301\000\040\000t\000\340\000i}{section.1}% 2
\BOOKMARK [2][-]{subsection.1.2}{\376\377\000L\000\355\000\040\000d\000o\000\040\000c\000h\036\315\000n\000\040\001\021\036\301\000\040\000t\000\340\000i}{section.1}% 3
\BOOKMARK [2][-]{subsection.1.3}{\376\377\000M\036\345\000c\000\040\000t\000i\000\352\000u\000\040\001\021\036\301\000\040\000t\000\340\000i}{section.1}% 4
\BOOKMARK [2][-]{subsection.1.4}{\376\377\001\020\036\321\000i\000\040\000t\001\260\036\343\000n\000g\000\040\000h\001\260\036\333\000n\000g\000\040\001\021\036\277\000n\000\040\000c\036\347\000a\000\040\001\021\036\301\000\040\000t\000\340\000i}{section.1}% 5
\BOOKMARK [1][-]{section.2}{\376\377\000C\001\241\000\040\000s\036\337\000\040\000t\000h\000i\036\277\000t\000\040\000k\036\277\000\040\000t\000r\000\362\000\040\000c\000h\001\241\000i}{}% 6
\BOOKMARK [2][-]{subsection.2.1}{\376\377\000T\036\325\000n\000g\000\040\000q\000u\000a\000n\000\040\000t\000r\000\362\000\040\000c\000h\001\241\000i}{section.2}% 7
\BOOKMARK [2][-]{subsection.2.2}{\376\377\000S\001\241\000\040\000l\001\260\036\343\000c\000\040\000c\036\321\000t\000\040\000t\000r\000u\000y\036\307\000n}{section.2}% 8
\BOOKMARK [2][-]{subsection.2.3}{\376\377\000S\000o\000\040\000S\000\341\000n\000h\000\040\000c\000\341\000c\000\040\000s\036\243\000n\000\040\000p\000h\036\251\000m\000\040\000t\001\260\001\241\000n\000g\000\040\000t\036\361\000\040\000t\000r\000\352\000n\000\040\000t\000h\036\313\000\040\000t\000r\001\260\036\335\000n\000g}{section.2}% 9
\BOOKMARK [3][-]{subsubsection.2.3.1}{\376\377\000G\000a\000m\000e\000\040\0001}{subsection.2.3}% 10
\BOOKMARK [3][-]{subsubsection.2.3.2}{\376\377\000G\000a\000m\000e\000\040\0002}{subsection.2.3}% 11
\BOOKMARK [3][-]{subsubsection.2.3.3}{\376\377\001\020\000i\036\303\000m\000\040\000k\000h\000\341\000c\000\040\000b\000i\036\307\000t\000\040\000c\036\347\000a\000\040\000.\000.\000.}{subsection.2.3}% 12
\BOOKMARK [2][-]{subsection.2.4}{\376\377\000L\000u\036\255\000t\000\040\000c\000h\001\241\000i}{section.2}% 13
\BOOKMARK [3][-]{subsubsection.2.4.1}{\376\377\000B\036\243\000n\000\040\001\021\036\323\000\040\000t\000r\000o\000n\000g\000\040\000m\000\340\000n\000\040\000c\000h\001\241\000i}{subsection.2.4}% 14
\BOOKMARK [3][-]{subsubsection.2.4.2}{\376\377\000C\000h\000i\036\277\000n\000\040\001\021\036\245\000u}{subsection.2.4}% 15
\BOOKMARK [3][-]{subsubsection.2.4.3}{\376\377\000W\000i\000n\000\040\000c\000o\000n\000d\000i\000t\000i\000o\000n}{subsection.2.4}% 16
\BOOKMARK [3][-]{subsubsection.2.4.4}{\376\377\000L\000o\000s\000e\000\040\000c\000o\000n\000d\000i\000t\000i\000o\000n}{subsection.2.4}% 17
\BOOKMARK [2][-]{subsection.2.5}{\376\377\000C\000\341\000c\000\040\001\021\036\321\000i\000\040\000t\001\260\036\343\000n\000g\000\040\000c\000h\000\355\000n\000h\000\040\000t\000r\000o\000n\000g\000\040\000m\000\340\000n\000\040\000c\000h\001\241\000i}{section.2}% 18
\BOOKMARK [1][-]{section.3}{\376\377\000C\001\241\000\040\000s\036\337\000\040\000l\000\375\000\040\000t\000h\000u\000y\036\277\000t}{}% 19
\BOOKMARK [2][-]{subsection.3.1}{\376\377\000T\000h\000i\036\277\000t\000\040\000k\036\277\000\040\000m\000\340\000n\000\040\000c\000h\001\241\000i}{section.3}% 20
\BOOKMARK [1][-]{section.4}{\376\377\000P\000h\000\342\000n\000\040\000t\000\355\000c\000h\000\040\000T\000h\000i\036\277\000t\000\040\000k\036\277\000\040\000h\036\307\000\040\000t\000h\036\321\000n\000g}{}% 21
\BOOKMARK [2][-]{subsection.4.1}{\376\377\000C\000\341\000c\000\040\000S\000t\000a\000k\000e\000h\000o\000l\000d\000e\000r\000\040\000v\000\340\000\040\000U\000s\000e\000r\000\040\000s\000t\000o\000r\000y}{section.4}% 22
\BOOKMARK [3][-]{subsubsection.4.1.1}{\376\377\000U\000s\000e\000r\000\040\000s\000t\000o\000r\000y\000\040\000c\036\347\000a\000\040\000G\000a\000m\000e\000\040\000P\000l\000a\000y\000e\000r}{subsection.4.1}% 23
\BOOKMARK [3][-]{subsubsection.4.1.2}{\376\377\000U\000s\000e\000r\000\040\000s\000t\000o\000r\000y\000\040\000c\036\347\000a\000\040\000G\000a\000m\000e\000\040\000M\000a\000s\000t\000e\000r}{subsection.4.1}% 24
\BOOKMARK [2][-]{subsection.4.2}{\376\377\000C\000\341\000c\000\040\000t\000h\000\340\000n\000h\000\040\000p\000h\036\247\000n\000\040\000c\036\347\000a\000\040\000h\036\307\000\040\000t\000h\036\321\000n\000g}{section.4}% 25
\BOOKMARK [2][-]{subsection.4.3}{\376\377\000C\000\341\000c\000\040\000y\000\352\000u\000\040\000c\036\247\000u\000\040\000c\036\347\000a\000\040\000h\036\307\000\040\000t\000h\036\321\000n\000g}{section.4}% 26
\BOOKMARK [3][-]{subsubsection.4.3.1}{\376\377\000Y\000\352\000u\000\040\000c\036\247\000u\000\040\000c\000h\036\351\000c\000\040\000n\001\003\000n\000g}{subsection.4.3}% 27
\BOOKMARK [3][-]{subsubsection.4.3.2}{\376\377\000Y\000\352\000u\000\040\000c\036\247\000u\000\040\000p\000h\000i\000\040\000c\000h\036\351\000c\000\040\000n\001\003\000n\000g}{subsection.4.3}% 28
\BOOKMARK [2][-]{subsection.4.4}{\376\377\000U\000s\000e\000c\000a\000s\000e\000\040\000D\000i\000a\000g\000r\000a\000m\000\040\000c\036\347\000a\000\040\000t\000o\000\340\000n\000\040\000h\036\307\000\040\000t\000h\036\321\000n\000g}{section.4}% 29
\BOOKMARK [3][-]{subsubsection.4.4.1}{\376\377\000U\000s\000e\000c\000a\000s\000e\000\040\000D\000i\000a\000g\000r\000a\000m\000\040\000c\000h\000o\000\040\000G\000a\000m\000e\000\040\000C\000l\000i\000e\000n\000t}{subsection.4.4}% 30
\BOOKMARK [3][-]{subsubsection.4.4.2}{\376\377\000U\000s\000e\000c\000a\000s\000e\000\040\000D\000i\000a\000g\000r\000a\000m\000\040\000c\000h\000o\000\040\000A\000d\000m\000i\000n\000s\000t\000r\000a\000t\000o\000r}{subsection.4.4}% 31
\BOOKMARK [1][-]{section.5}{\376\377\000T\000h\000i\036\277\000t\000\040\000k\036\277\000\040\000h\036\307\000\040\000t\000h\036\321\000n\000g}{}% 32
\BOOKMARK [1][-]{section.6}{\376\377\000T\036\325\000n\000g\000\040\000k\036\277\000t}{}% 33
\BOOKMARK [2][-]{subsection.6.1}{\376\377\000N\000h\036\255\000n\000\040\000x\000\351\000t}{section.6}% 34
\BOOKMARK [2][-]{subsection.6.2}{\376\377\001\020\036\313\000n\000h\000\040\000h\001\260\036\333\000n\000g\000\040\000p\000h\000\341\000t\000\040\000t\000r\000i\036\303\000n\000\040\000c\036\347\000a\000\040\000s\036\243\000n\000\040\000p\000h\036\251\000m}{section.6}% 35
\BOOKMARK [1][-]{section.7}{\376\377\000T\000\340\000i\000\040\000l\000i\036\307\000u\000\040\000t\000h\000a\000m\000\040\000k\000h\036\243\000o}{}% 36
\BOOKMARK [1][-]{section.8}{\376\377\000P\000h\036\345\000\040\000l\036\345\000c}{}% 37
